#
# A fatal error has been detected by the Java Runtime Environment:
#
#  EXCEPTION_ACCESS_VIOLATION (0xc0000005) at pc=0x0000000031991066, pid=24632, tid=27568
#
# JRE version: Java(TM) SE Runtime Environment (8.0_51-b16) (build 1.8.0_51-b16)
# Java VM: Java HotSpot(TM) 64-Bit Server VM (25.51-b03 mixed mode windows-amd64 compressed oops)
# Problematic frame:
# C  [OpenAL64.dll+0x11066]
#
# Failed to write core dump. Minidumps are not enabled by default on client versions of Windows
#
# If you would like to submit a bug report, please visit:
#   http://bugreport.java.com/bugreport/crash.jsp
# The crash happened outside the Java Virtual Machine in native code.
# See problematic frame for where to report the bug.
#

---------------  T H R E A D  ---------------

Current thread (0x000000002138d800):  JavaThread "Thread-7" [_thread_in_native, id=27568, stack(0x000000005f6c0000,0x000000005f7c0000)]

siginfo: ExceptionCode=0xc0000005, reading address 0x000000001e408004

Registers:
RAX=0x0000000000000004, RBX=0x0000000034980090, RCX=0x000000001e408008, RDX=0x000000001e408004
RSP=0x000000005f7bea10, RBP=0x00000000000000ff, RSI=0x000000001e4073bc, RDI=0x0000000000000000
R8 =0x0000000000000312, R9 =0x000000001e4073bc, R10=0x0000000002e75e08, R11=0x0000000069267bb0
R12=0x0000000000000001, R13=0x0000000039869a78, R14=0x000000005f7beba8, R15=0x000000002138d800
RIP=0x0000000031991066, EFLAGS=0x0000000000010202

Top of Stack: (sp=0x000000005f7bea10)
0x000000005f7bea10:   000000001f1af930 0000000000000000
0x000000005f7bea20:   000000005f7bea38 000000005f7beaa0
0x000000005f7bea30:   0000000039869a78 0000000069168cd5
0x000000005f7bea40:   000000002138d800 000000002033a820
0x000000005f7bea50:   0000000039869a78 000000005f7beba8
0x000000005f7bea60:   000000001e7117e0 00000000690f9836
0x000000005f7bea70:   000000005f7bf218 0000000025a29ef0
0x000000005f7bea80:   000000002138d800 000000005f7beba8
0x000000005f7bea90:   0000000039869a78 0000000000000000
0x000000005f7beaa0:   000000001e4073bc 000000001e4073bc
0x000000005f7beab0:   000000005f7beb70 000000003199248f
0x000000005f7beac0:   0000000034980090 0000000034980090
0x000000005f7bead0:   000000000000ac44 0000000000000004
0x000000005f7beae0:   0000000701a37cb0 0000000002e75e34
0x000000005f7beaf0:   0000000039869a78 00000007a912b718
0x000000005f7beb00:   000000005f7beb00 0000000039b22109 

Instructions: (pc=0x0000000031991066)
0x0000000031991046:   41 2b ec 81 3a 03 00 02 00 75 09 8b 01 89 84 24
0x0000000031991056:   c8 00 00 00 49 83 c0 02 48 83 c1 08 4a 8d 14 86
0x0000000031991066:   39 3a 75 af 4c 8d 84 24 c0 00 00 00 48 8d 15 d7
0x0000000031991076:   2b 03 00 33 c9 e8 58 5f 00 00 b8 40 1f 00 00 4c 


Register to memory mapping:

RAX=0x0000000000000004 is an unknown value
RBX=0x0000000034980090 is an unknown value
RCX=0x000000001e408008 is an unknown value
RDX=0x000000001e408004 is an unknown value
RSP=0x000000005f7bea10 is pointing into the stack for thread: 0x000000002138d800
RBP=0x00000000000000ff is an unknown value
RSI=0x000000001e4073bc is an unknown value
RDI=0x0000000000000000 is an unknown value
R8 =0x0000000000000312 is an unknown value
R9 =0x000000001e4073bc is an unknown value
R10=0x0000000002e75e08 is at code_begin+840 in an Interpreter codelet
method entry point (kind = native)  [0x0000000002e75ac0, 0x0000000002e76420]  2400 bytes
R11=0x0000000069267bb0 is an unknown value
R12=0x0000000000000001 is an unknown value
R13={method} {0x0000000039869a80} 'nalcCreateContext' '(JJ)J' in 'org/lwjgl/openal/ALC10'
R14=0x000000005f7beba8 is pointing into the stack for thread: 0x000000002138d800
R15=0x000000002138d800 is a thread


Stack: [0x000000005f6c0000,0x000000005f7c0000],  sp=0x000000005f7bea10,  free space=1018k
Native frames: (J=compiled Java code, j=interpreted, Vv=VM code, C=native code)
C  [OpenAL64.dll+0x11066]
C  [OpenAL64.dll+0x1248f]
C  0x0000000002e75e34

Java frames: (J=compiled Java code, j=interpreted, Vv=VM code)
j  org.lwjgl.openal.ALC10.nalcCreateContext(JJ)J+0
j  org.lwjgl.openal.ALC10.alcCreateContext(Lorg/lwjgl/openal/ALCdevice;Ljava/nio/IntBuffer;)Lorg/lwjgl/openal/ALCcontext;+8
j  org.lwjgl.openal.AL.init(Ljava/lang/String;IIZZ)V+69
j  org.lwjgl.openal.AL.create(Ljava/lang/String;IIZZ)V+246
j  org.lwjgl.openal.AL.create(Ljava/lang/String;IIZ)V+5
j  org.lwjgl.openal.AL.create()V+6
j  paulscode.sound.libraries.LibraryLWJGLOpenAL.init()V+2
j  paulscode.sound.SoundSystem.CommandNewLibrary(Ljava/lang/Class;)V+273
j  paulscode.sound.SoundSystem.CommandQueue(Lpaulscode/sound/CommandObject;)Z+1206
j  paulscode.sound.CommandThread.run()V+51
v  ~StubRoutines::call_stub

---------------  P R O C E S S  ---------------

Java Threads: ( => current thread )
  0x000000001d9f6800 JavaThread "Thread-8" [_thread_blocked, id=27604, stack(0x000000005f7c0000,0x000000005f8c0000)]
=>0x000000002138d800 JavaThread "Thread-7" [_thread_in_native, id=27568, stack(0x000000005f6c0000,0x000000005f7c0000)]
  0x0000000023f0a800 JavaThread "Sound Library Loader" [_thread_blocked, id=26784, stack(0x000000005f5c0000,0x000000005f6c0000)]
  0x000000001d827800 JavaThread "File IO Thread" [_thread_blocked, id=26216, stack(0x000000005d0c0000,0x000000005d1c0000)]
  0x0000000026408800 JavaThread "LWJGL Timer" daemon [_thread_blocked, id=25896, stack(0x0000000032ba0000,0x0000000032ca0000)]
  0x0000000021ed7800 JavaThread "Thread-3" [_thread_blocked, id=25280, stack(0x0000000032aa0000,0x0000000032ba0000)]
  0x000000001ff04000 JavaThread "Java2D Disposer" daemon [_thread_blocked, id=25216, stack(0x0000000024460000,0x0000000024560000)]
  0x000000001e5b2000 JavaThread "Timer hack thread" daemon [_thread_blocked, id=8324, stack(0x0000000022c50000,0x0000000022d50000)]
  0x000000002203e000 JavaThread "Snooper Timer" daemon [_thread_blocked, id=23048, stack(0x0000000022b50000,0x0000000022c50000)]
  0x000000001c4c5000 JavaThread "Service Thread" daemon [_thread_blocked, id=15836, stack(0x000000001ce00000,0x000000001cf00000)]
  0x000000001c43b800 JavaThread "C1 CompilerThread3" daemon [_thread_in_native, id=5972, stack(0x000000001cd00000,0x000000001ce00000)]
  0x000000001c435000 JavaThread "C2 CompilerThread2" daemon [_thread_in_native, id=13760, stack(0x000000001cc00000,0x000000001cd00000)]
  0x000000001c433800 JavaThread "C2 CompilerThread1" daemon [_thread_blocked, id=11572, stack(0x000000001cb00000,0x000000001cc00000)]
  0x000000001c431800 JavaThread "C2 CompilerThread0" daemon [_thread_blocked, id=20156, stack(0x000000001ca00000,0x000000001cb00000)]
  0x000000001c430000 JavaThread "Attach Listener" daemon [_thread_blocked, id=21344, stack(0x000000001c900000,0x000000001ca00000)]
  0x000000001c42f000 JavaThread "Signal Dispatcher" daemon [_thread_blocked, id=24580, stack(0x000000001c800000,0x000000001c900000)]
  0x0000000002e59800 JavaThread "Finalizer" daemon [_thread_blocked, id=23376, stack(0x000000001c300000,0x000000001c400000)]
  0x000000001a41d800 JavaThread "Reference Handler" daemon [_thread_blocked, id=25940, stack(0x000000001c200000,0x000000001c300000)]
  0x0000000002d65000 JavaThread "Client thread" [_thread_in_Java, id=16416, stack(0x0000000002c60000,0x0000000002d60000)]

Other Threads:
  0x000000001a418800 VMThread [stack: 0x000000001c100000,0x000000001c200000] [id=11284]
  0x000000001c4cf800 WatcherThread [stack: 0x000000001cf00000,0x000000001d000000] [id=22224]

VM state:not at safepoint (normal execution)

VM Mutex/Monitor currently owned by a thread: None

Heap:
 PSYoungGen      total 857088K, used 190195K [0x0000000780000000, 0x00000007c0000000, 0x00000007c0000000)
  eden space 679936K, 1% used [0x0000000780000000,0x0000000780d26958,0x00000007a9800000)
  from space 177152K, 99% used [0x00000007a9800000,0x00000007b44964f0,0x00000007b4500000)
  to   space 191488K, 0% used [0x00000007b4500000,0x00000007b4500000,0x00000007c0000000)
 ParOldGen       total 607744K, used 298368K [0x0000000700000000, 0x0000000725180000, 0x0000000780000000)
  object space 607744K, 49% used [0x0000000700000000,0x0000000712360220,0x0000000725180000)
 Metaspace       used 109135K, capacity 110905K, committed 111616K, reserved 1142784K
  class space    used 17783K, capacity 18357K, committed 18432K, reserved 1048576K

Card table byte_map: [0x0000000012220000,0x0000000012830000] byte_map_base: 0x000000000ea20000

Marking Bits: (ParMarkBitMap*) 0x0000000069844040
 Begin Bits: [0x0000000013430000, 0x0000000016430000)
 End Bits:   [0x0000000016430000, 0x0000000019430000)

Polling page: 0x0000000002ab0000

CodeCache: size=245760Kb used=26760Kb max_used=27291Kb free=218999Kb
 bounds [0x0000000002e60000, 0x0000000004940000, 0x0000000011e60000]
 total_blobs=8126 nmethods=7082 adapters=955
 compilation: enabled

Compilation events (10 events):
Event: 61.575 Thread 0x000000001c43b800 nmethod 10112 0x000000000446e550 code [0x000000000446e6a0, 0x000000000446e7b0]
Event: 61.575 Thread 0x000000001c43b800 10113       1       net.minecraftforge.client.model.ForgeBlockStateV1$Variant::getState (5 bytes)
Event: 61.575 Thread 0x000000001c43b800 nmethod 10113 0x000000000446e290 code [0x000000000446e3e0, 0x000000000446e4f0]
Event: 61.575 Thread 0x000000001c43b800 10114       1       net.minecraftforge.client.model.ForgeBlockStateV1$Variant::getSmooth (5 bytes)
Event: 61.575 Thread 0x000000001c43b800 nmethod 10114 0x000000000492e110 code [0x000000000492e260, 0x000000000492e370]
Event: 61.575 Thread 0x000000001c43b800 10115       1       net.minecraftforge.client.model.ForgeBlockStateV1$Variant::getGui3d (5 bytes)
Event: 61.575 Thread 0x000000001c43b800 nmethod 10115 0x000000000492de50 code [0x000000000492dfa0, 0x000000000492e0b0]
Event: 61.575 Thread 0x000000001c43b800 10110       1       net.minecraftforge.client.model.ForgeBlockStateV1$Variant::getUvLock (5 bytes)
Event: 61.575 Thread 0x000000001c43b800 nmethod 10110 0x000000000492db90 code [0x000000000492dce0, 0x000000000492ddf0]
Event: 61.576 Thread 0x000000001c431800 nmethod 10084 0x000000000451a990 code [0x000000000451ab80, 0x000000000451b740]

GC Heap History (10 events):
Event: 42.813 GC heap before
{Heap before GC invocations=32 (full 4):
 PSYoungGen      total 906752K, used 846860K [0x0000000780000000, 0x00000007c0000000, 0x00000007c0000000)
  eden space 766976K, 99% used [0x0000000780000000,0x00000007ae7efc20,0x00000007aed00000)
  from space 139776K, 60% used [0x00000007aed00000,0x00000007b4013550,0x00000007b7580000)
  to   space 141824K, 0% used [0x00000007b7580000,0x00000007b7580000,0x00000007c0000000)
 ParOldGen       total 607744K, used 298320K [0x0000000700000000, 0x0000000725180000, 0x0000000780000000)
  object space 607744K, 49% used [0x0000000700000000,0x0000000712354220,0x0000000725180000)
 Metaspace       used 90890K, capacity 92085K, committed 92800K, reserved 1126400K
  class space    used 14448K, capacity 14885K, committed 14976K, reserved 1048576K
Event: 42.845 GC heap after
Heap after GC invocations=32 (full 4):
 PSYoungGen      total 905728K, used 82157K [0x0000000780000000, 0x00000007c0000000, 0x00000007c0000000)
  eden space 763904K, 0% used [0x0000000780000000,0x0000000780000000,0x00000007aea00000)
  from space 141824K, 57% used [0x00000007b7580000,0x00000007bc5bb6d8,0x00000007c0000000)
  to   space 142336K, 0% used [0x00000007aea00000,0x00000007aea00000,0x00000007b7500000)
 ParOldGen       total 607744K, used 298328K [0x0000000700000000, 0x0000000725180000, 0x0000000780000000)
  object space 607744K, 49% used [0x0000000700000000,0x0000000712356220,0x0000000725180000)
 Metaspace       used 90890K, capacity 92085K, committed 92800K, reserved 1126400K
  class space    used 14448K, capacity 14885K, committed 14976K, reserved 1048576K
}
Event: 46.823 GC heap before
{Heap before GC invocations=33 (full 4):
 PSYoungGen      total 905728K, used 846061K [0x0000000780000000, 0x00000007c0000000, 0x00000007c0000000)
  eden space 763904K, 100% used [0x0000000780000000,0x00000007aea00000,0x00000007aea00000)
  from space 141824K, 57% used [0x00000007b7580000,0x00000007bc5bb6d8,0x00000007c0000000)
  to   space 142336K, 0% used [0x00000007aea00000,0x00000007aea00000,0x00000007b7500000)
 ParOldGen       total 607744K, used 298328K [0x0000000700000000, 0x0000000725180000, 0x0000000780000000)
  object space 607744K, 49% used [0x0000000700000000,0x0000000712356220,0x0000000725180000)
 Metaspace       used 94806K, capacity 96189K, committed 96896K, reserved 1130496K
  class space    used 15248K, capacity 15721K, committed 15744K, reserved 1048576K
Event: 46.875 GC heap after
Heap after GC invocations=33 (full 4):
 PSYoungGen      total 882176K, used 117844K [0x0000000780000000, 0x00000007c0000000, 0x00000007c0000000)
  eden space 763904K, 0% used [0x0000000780000000,0x0000000780000000,0x00000007aea00000)
  from space 118272K, 99% used [0x00000007aea00000,0x00000007b5d15070,0x00000007b5d80000)
  to   space 154624K, 0% used [0x00000007b6900000,0x00000007b6900000,0x00000007c0000000)
 ParOldGen       total 607744K, used 298336K [0x0000000700000000, 0x0000000725180000, 0x0000000780000000)
  object space 607744K, 49% used [0x0000000700000000,0x0000000712358220,0x0000000725180000)
 Metaspace       used 94806K, capacity 96189K, committed 96896K, reserved 1130496K
  class space    used 15248K, capacity 15721K, committed 15744K, reserved 1048576K
}
Event: 48.732 GC heap before
{Heap before GC invocations=34 (full 4):
 PSYoungGen      total 882176K, used 881748K [0x0000000780000000, 0x00000007c0000000, 0x00000007c0000000)
  eden space 763904K, 100% used [0x0000000780000000,0x00000007aea00000,0x00000007aea00000)
  from space 118272K, 99% used [0x00000007aea00000,0x00000007b5d15070,0x00000007b5d80000)
  to   space 154624K, 0% used [0x00000007b6900000,0x00000007b6900000,0x00000007c0000000)
 ParOldGen       total 607744K, used 298336K [0x0000000700000000, 0x0000000725180000, 0x0000000780000000)
  object space 607744K, 49% used [0x0000000700000000,0x0000000712358220,0x0000000725180000)
 Metaspace       used 98636K, capacity 100093K, committed 100992K, reserved 1134592K
  class space    used 15919K, capacity 16419K, committed 16512K, reserved 1048576K
Event: 48.771 GC heap after
Heap after GC invocations=34 (full 4):
 PSYoungGen      total 880640K, used 107773K [0x0000000780000000, 0x00000007c0000000, 0x00000007c0000000)
  eden space 726016K, 0% used [0x0000000780000000,0x0000000780000000,0x00000007ac500000)
  from space 154624K, 69% used [0x00000007b6900000,0x00000007bd23f518,0x00000007c0000000)
  to   space 161280K, 0% used [0x00000007ac500000,0x00000007ac500000,0x00000007b6280000)
 ParOldGen       total 607744K, used 298344K [0x0000000700000000, 0x0000000725180000, 0x0000000780000000)
  object space 607744K, 49% used [0x0000000700000000,0x000000071235a220,0x0000000725180000)
 Metaspace       used 98636K, capacity 100093K, committed 100992K, reserved 1134592K
  class space    used 15919K, capacity 16419K, committed 16512K, reserved 1048576K
}
Event: 50.660 GC heap before
{Heap before GC invocations=35 (full 4):
 PSYoungGen      total 880640K, used 833789K [0x0000000780000000, 0x00000007c0000000, 0x00000007c0000000)
  eden space 726016K, 100% used [0x0000000780000000,0x00000007ac500000,0x00000007ac500000)
  from space 154624K, 69% used [0x00000007b6900000,0x00000007bd23f518,0x00000007c0000000)
  to   space 161280K, 0% used [0x00000007ac500000,0x00000007ac500000,0x00000007b6280000)
 ParOldGen       total 607744K, used 298344K [0x0000000700000000, 0x0000000725180000, 0x0000000780000000)
  object space 607744K, 49% used [0x0000000700000000,0x000000071235a220,0x0000000725180000)
 Metaspace       used 102711K, capacity 104303K, committed 104960K, reserved 1136640K
  class space    used 16743K, capacity 17302K, committed 17408K, reserved 1048576K
Event: 50.708 GC heap after
Heap after GC invocations=35 (full 4):
 PSYoungGen      total 850432K, used 124330K [0x0000000780000000, 0x00000007c0000000, 0x00000007c0000000)
  eden space 726016K, 0% used [0x0000000780000000,0x0000000780000000,0x00000007ac500000)
  from space 124416K, 99% used [0x00000007ac500000,0x00000007b3e6a9d0,0x00000007b3e80000)
  to   space 171520K, 0% used [0x00000007b5880000,0x00000007b5880000,0x00000007c0000000)
 ParOldGen       total 607744K, used 298352K [0x0000000700000000, 0x0000000725180000, 0x0000000780000000)
  object space 607744K, 49% used [0x0000000700000000,0x000000071235c220,0x0000000725180000)
 Metaspace       used 102711K, capacity 104303K, committed 104960K, reserved 1136640K
  class space    used 16743K, capacity 17302K, committed 17408K, reserved 1048576K
}
Event: 52.865 GC heap before
{Heap before GC invocations=36 (full 4):
 PSYoungGen      total 850432K, used 850346K [0x0000000780000000, 0x00000007c0000000, 0x00000007c0000000)
  eden space 726016K, 100% used [0x0000000780000000,0x00000007ac500000,0x00000007ac500000)
  from space 124416K, 99% used [0x00000007ac500000,0x00000007b3e6a9d0,0x00000007b3e80000)
  to   space 171520K, 0% used [0x00000007b5880000,0x00000007b5880000,0x00000007c0000000)
 ParOldGen       total 607744K, used 298352K [0x0000000700000000, 0x0000000725180000, 0x0000000780000000)
  object space 607744K, 49% used [0x0000000700000000,0x000000071235c220,0x0000000725180000)
 Metaspace       used 107709K, capacity 109357K, committed 110080K, reserved 1140736K
  class space    used 17560K, capacity 18145K, committed 18176K, reserved 1048576K
Event: 52.913 GC heap after
Heap after GC invocations=36 (full 4):
 PSYoungGen      total 851456K, used 135688K [0x0000000780000000, 0x00000007c0000000, 0x00000007c0000000)
  eden space 679936K, 0% used [0x0000000780000000,0x0000000780000000,0x00000007a9800000)
  from space 171520K, 79% used [0x00000007b5880000,0x00000007bdd02120,0x00000007c0000000)
  to   space 184320K, 0% used [0x00000007a9800000,0x00000007a9800000,0x00000007b4c00000)
 ParOldGen       total 607744K, used 298360K [0x0000000700000000, 0x0000000725180000, 0x0000000780000000)
  object space 607744K, 49% used [0x0000000700000000,0x000000071235e220,0x0000000725180000)
 Metaspace       used 107709K, capacity 109357K, committed 110080K, reserved 1140736K
  class space    used 17560K, capacity 18145K, committed 18176K, reserved 1048576K
}

Deoptimization events (10 events):
Event: 61.485 Thread 0x0000000002d65000 Uncommon trap: reason=class_check action=maybe_recompile pc=0x000000000300d594 method=com.google.common.collect.AbstractMapBasedMultimap.get(Ljava/lang/Object;)Ljava/util/Collection; @ 5
Event: 61.485 Thread 0x0000000002d65000 Uncommon trap: reason=class_check action=maybe_recompile pc=0x00000000032cf774 method=com.google.common.collect.AbstractMapBasedMultimap.iteratorOrListIterator(Ljava/util/Collection;)Ljava/util/Iterator; @ 20
Event: 61.485 Thread 0x0000000002d65000 Uncommon trap: reason=bimorphic action=maybe_recompile pc=0x00000000030fa1e4 method=com.google.common.collect.AbstractMapBasedMultimap$WrappedCollection$WrappedIterator.next()Ljava/lang/Object; @ 8
Event: 61.492 Thread 0x0000000002d65000 Uncommon trap: reason=unstable_if action=reinterpret pc=0x0000000003eac69c method=com.google.common.collect.ImmutableSet.construct(I[Ljava/lang/Object;)Lcom/google/common/collect/ImmutableSet; @ 146
Event: 61.493 Thread 0x0000000002d65000 Uncommon trap: reason=class_check action=maybe_recompile pc=0x00000000042f3170 method=java.util.HashMap.computeIfAbsent(Ljava/lang/Object;Ljava/util/function/Function;)Ljava/lang/Object; @ 142
Event: 61.496 Thread 0x0000000002d65000 Uncommon trap: reason=class_check action=maybe_recompile pc=0x00000000042f3170 method=java.util.HashMap.computeIfAbsent(Ljava/lang/Object;Ljava/util/function/Function;)Ljava/lang/Object; @ 142
Event: 61.507 Thread 0x0000000002d65000 Uncommon trap: reason=class_check action=maybe_recompile pc=0x0000000003a7f0b0 method=com.google.common.collect.Lists.newArrayList(Ljava/lang/Iterable;)Ljava/util/ArrayList; @ 27
Event: 61.514 Thread 0x0000000002d65000 Uncommon trap: reason=unstable_if action=reinterpret pc=0x00000000038adf4c method=java.util.WeakHashMap.remove(Ljava/lang/Object;)Ljava/lang/Object; @ 94
Event: 61.539 Thread 0x0000000002d65000 Uncommon trap: reason=class_check action=maybe_recompile pc=0x0000000003a7f0b0 method=com.google.common.collect.Lists.newArrayList(Ljava/lang/Iterable;)Ljava/util/ArrayList; @ 27
Event: 61.561 Thread 0x000000002138d800 Uncommon trap: reason=unstable_if action=reinterpret pc=0x0000000004451a00 method=net.minecraftforge.fml.common.asm.transformers.SoundEngineFixTransformer.transform(Ljava/lang/String;Ljava/lang/String;[B)[B @ 6

Internal exceptions (10 events):
Event: 61.579 Thread 0x0000000002d65000 Exception <a 'java/io/IOException'> (0x00000007a94facb8) thrown at [C:\re\workspace\8-2-build-windows-amd64-cygwin\jdk8u51\3951\hotspot\src\share\vm\prims\jni.cpp, line 709]
Event: 61.579 Thread 0x0000000002d65000 Exception <a 'java/io/IOException'> (0x00000007a9509270) thrown at [C:\re\workspace\8-2-build-windows-amd64-cygwin\jdk8u51\3951\hotspot\src\share\vm\prims\jni.cpp, line 709]
Event: 61.579 Thread 0x000000002138d800 Exception <a 'java/security/PrivilegedActionException'> (0x00000007a9123818) thrown at [C:\re\workspace\8-2-build-windows-amd64-cygwin\jdk8u51\3951\hotspot\src\share\vm\prims\jvm.cpp, line 1382]
Event: 61.579 Thread 0x000000002138d800 Exception <a 'java/security/PrivilegedActionException'> (0x00000007a9124b60) thrown at [C:\re\workspace\8-2-build-windows-amd64-cygwin\jdk8u51\3951\hotspot\src\share\vm\prims\jvm.cpp, line 1382]
Event: 61.579 Thread 0x000000002138d800 Exception <a 'java/security/PrivilegedActionException'> (0x00000007a9126008) thrown at [C:\re\workspace\8-2-build-windows-amd64-cygwin\jdk8u51\3951\hotspot\src\share\vm\prims\jvm.cpp, line 1382]
Event: 61.580 Thread 0x000000002138d800 Exception <a 'java/security/PrivilegedActionException'> (0x00000007a91276b0) thrown at [C:\re\workspace\8-2-build-windows-amd64-cygwin\jdk8u51\3951\hotspot\src\share\vm\prims\jvm.cpp, line 1382]
Event: 61.580 Thread 0x000000002138d800 Exception <a 'java/security/PrivilegedActionException'> (0x00000007a91289f8) thrown at [C:\re\workspace\8-2-build-windows-amd64-cygwin\jdk8u51\3951\hotspot\src\share\vm\prims\jvm.cpp, line 1382]
Event: 61.580 Thread 0x000000002138d800 Exception <a 'java/security/PrivilegedActionException'> (0x00000007a9129ea0) thrown at [C:\re\workspace\8-2-build-windows-amd64-cygwin\jdk8u51\3951\hotspot\src\share\vm\prims\jvm.cpp, line 1382]
Event: 61.580 Thread 0x0000000002d65000 Exception <a 'java/io/IOException'> (0x00000007a954c930) thrown at [C:\re\workspace\8-2-build-windows-amd64-cygwin\jdk8u51\3951\hotspot\src\share\vm\prims\jni.cpp, line 709]
Event: 61.581 Thread 0x0000000002d65000 Exception <a 'java/io/IOException'> (0x00000007a955ad58) thrown at [C:\re\workspace\8-2-build-windows-amd64-cygwin\jdk8u51\3951\hotspot\src\share\vm\prims\jni.cpp, line 709]

Events (10 events):
Event: 61.577 loading class paulscode/sound/StreamThread done
Event: 61.578 Executing VM operation: RevokeBias
Event: 61.578 Executing VM operation: RevokeBias done
Event: 61.579 Executing VM operation: RevokeBias
Event: 61.579 Executing VM operation: RevokeBias done
Event: 61.579 Thread 0x000000001d9f6800 Thread added: 0x000000001d9f6800
Event: 61.581 loading class net/minecraftforge/client/model/MultiModel
Event: 61.581 loading class net/minecraftforge/client/model/MultiModel done
Event: 61.581 Executing VM operation: RevokeBias
Event: 61.581 Executing VM operation: RevokeBias done


Dynamic libraries:
0x00007ff68d5b0000 - 0x00007ff68d5e7000 	C:\Users\fullp\Documents\Curse\Minecraft\Install\runtime\jre-x64\1.8.0_51\bin\javaw.exe
0x00007ffdd2bb0000 - 0x00007ffdd2d91000 	C:\WINDOWS\SYSTEM32\ntdll.dll
0x00007ffdd00f0000 - 0x00007ffdd01a2000 	C:\WINDOWS\System32\KERNEL32.DLL
0x00007ffdcef80000 - 0x00007ffdcf1f3000 	C:\WINDOWS\System32\KERNELBASE.dll
0x00007ffdd2860000 - 0x00007ffdd2901000 	C:\WINDOWS\System32\ADVAPI32.dll
0x00007ffdd01b0000 - 0x00007ffdd024e000 	C:\WINDOWS\System32\msvcrt.dll
0x00007ffdd2910000 - 0x00007ffdd296b000 	C:\WINDOWS\System32\sechost.dll
0x00007ffdd2110000 - 0x00007ffdd2234000 	C:\WINDOWS\System32\RPCRT4.dll
0x00007ffdd1cb0000 - 0x00007ffdd1e40000 	C:\WINDOWS\System32\USER32.dll
0x00007ffdcf200000 - 0x00007ffdcf220000 	C:\WINDOWS\System32\win32u.dll
0x00007ffdd2830000 - 0x00007ffdd2858000 	C:\WINDOWS\System32\GDI32.dll
0x00007ffdcfd70000 - 0x00007ffdcff02000 	C:\WINDOWS\System32\gdi32full.dll
0x00007ffdcfb70000 - 0x00007ffdcfc0f000 	C:\WINDOWS\System32\msvcp_win.dll
0x00007ffdcfc70000 - 0x00007ffdcfd6a000 	C:\WINDOWS\System32\ucrtbase.dll
0x00007ffdc0510000 - 0x00007ffdc0779000 	C:\WINDOWS\WinSxS\amd64_microsoft.windows.common-controls_6595b64144ccf1df_6.0.17134.407_none_fb449d63306391e9\COMCTL32.dll
0x00007ffdd0540000 - 0x00007ffdd0862000 	C:\WINDOWS\System32\combase.dll
0x00007ffdcff10000 - 0x00007ffdcff8a000 	C:\WINDOWS\System32\bcryptPrimitives.dll
0x00007ffdd2af0000 - 0x00007ffdd2b1d000 	C:\WINDOWS\System32\IMM32.DLL
0x00000000698d0000 - 0x00000000699a2000 	C:\Users\fullp\Documents\Curse\Minecraft\Install\runtime\jre-x64\1.8.0_51\bin\msvcr100.dll
0x0000000069040000 - 0x00000000698c3000 	C:\Users\fullp\Documents\Curse\Minecraft\Install\runtime\jre-x64\1.8.0_51\bin\server\jvm.dll
0x00007ffdd2a70000 - 0x00007ffdd2a78000 	C:\WINDOWS\System32\PSAPI.DLL
0x00007ffdbe6c0000 - 0x00007ffdbe6ca000 	C:\WINDOWS\SYSTEM32\VERSION.dll
0x00007ffdccbf0000 - 0x00007ffdccc13000 	C:\WINDOWS\SYSTEM32\WINMM.dll
0x00007ffdc34b0000 - 0x00007ffdc34b9000 	C:\WINDOWS\SYSTEM32\WSOCK32.dll
0x00007ffdd2a80000 - 0x00007ffdd2aec000 	C:\WINDOWS\System32\WS2_32.dll
0x00007ffdccbc0000 - 0x00007ffdccbea000 	C:\WINDOWS\SYSTEM32\winmmbase.dll
0x00007ffdcf220000 - 0x00007ffdcf269000 	C:\WINDOWS\System32\cfgmgr32.dll
0x0000000069030000 - 0x000000006903f000 	C:\Users\fullp\Documents\Curse\Minecraft\Install\runtime\jre-x64\1.8.0_51\bin\verify.dll
0x0000000069000000 - 0x0000000069029000 	C:\Users\fullp\Documents\Curse\Minecraft\Install\runtime\jre-x64\1.8.0_51\bin\java.dll
0x0000000068fe0000 - 0x0000000068ff6000 	C:\Users\fullp\Documents\Curse\Minecraft\Install\runtime\jre-x64\1.8.0_51\bin\zip.dll
0x00007ffdd0870000 - 0x00007ffdd1caf000 	C:\WINDOWS\System32\SHELL32.dll
0x00007ffdd0040000 - 0x00007ffdd00e9000 	C:\WINDOWS\System32\shcore.dll
0x00007ffdcf270000 - 0x00007ffdcf97d000 	C:\WINDOWS\System32\windows.storage.dll
0x00007ffdd1f50000 - 0x00007ffdd1fa1000 	C:\WINDOWS\System32\shlwapi.dll
0x00007ffdcef10000 - 0x00007ffdcef21000 	C:\WINDOWS\System32\kernel.appcore.dll
0x00007ffdcef60000 - 0x00007ffdcef7f000 	C:\WINDOWS\System32\profapi.dll
0x00007ffdceec0000 - 0x00007ffdcef0c000 	C:\WINDOWS\System32\powrprof.dll
0x00007ffdcef30000 - 0x00007ffdcef3a000 	C:\WINDOWS\System32\FLTLIB.DLL
0x0000000068fd0000 - 0x0000000068fdd000 	C:\Users\fullp\Documents\Curse\Minecraft\Install\runtime\jre-x64\1.8.0_51\bin\management.dll
0x0000000068fb0000 - 0x0000000068fca000 	C:\Users\fullp\Documents\Curse\Minecraft\Install\runtime\jre-x64\1.8.0_51\bin\net.dll
0x00007ffdce740000 - 0x00007ffdce7a6000 	C:\WINDOWS\system32\mswsock.dll
0x00007ffdb6460000 - 0x00007ffdb6476000 	C:\WINDOWS\system32\napinsp.dll
0x00007ffdb45f0000 - 0x00007ffdb460a000 	C:\WINDOWS\system32\pnrpnsp.dll
0x00007ffdcb7d0000 - 0x00007ffdcb7e9000 	C:\WINDOWS\system32\NLAapi.dll
0x00007ffdce4a0000 - 0x00007ffdce55e000 	C:\WINDOWS\SYSTEM32\DNSAPI.dll
0x00007ffdd0250000 - 0x00007ffdd0258000 	C:\WINDOWS\System32\NSI.dll
0x00007ffdce460000 - 0x00007ffdce498000 	C:\WINDOWS\SYSTEM32\IPHLPAPI.DLL
0x00007ffdcb830000 - 0x00007ffdcb83e000 	C:\WINDOWS\System32\winrnr.dll
0x00007ffdc80c0000 - 0x00007ffdc80d5000 	C:\WINDOWS\System32\wshbth.dll
0x00007ffdc8850000 - 0x00007ffdc885a000 	C:\Windows\System32\rasadhlp.dll
0x00007ffdc36c0000 - 0x00007ffdc3732000 	C:\WINDOWS\System32\fwpuclnt.dll
0x00007ffdcea20000 - 0x00007ffdcea45000 	C:\WINDOWS\SYSTEM32\bcrypt.dll
0x0000000068f90000 - 0x0000000068fa1000 	C:\Users\fullp\Documents\Curse\Minecraft\Install\runtime\jre-x64\1.8.0_51\bin\nio.dll
0x0000000068f60000 - 0x0000000068f84000 	C:\Users\fullp\Documents\Curse\Minecraft\Install\runtime\jre-x64\1.8.0_51\bin\sunec.dll
0x0000000068f40000 - 0x0000000068f57000 	C:\Users\fullp\Documents\Curse\Minecraft\Install\runtime\jre-x64\1.8.0_51\bin\unpack.dll
0x0000000180000000 - 0x0000000180053000 	C:\Users\fullp\AppData\Local\Temp\2b9a-9fe9-a9f9-3c73\lwjgl64.dll
0x00007ffdabc90000 - 0x00007ffdabdb0000 	C:\WINDOWS\SYSTEM32\OPENGL32.dll
0x00007ffdabc20000 - 0x00007ffdabc4c000 	C:\WINDOWS\SYSTEM32\GLU32.dll
0x00007ffdce8f0000 - 0x00007ffdce907000 	C:\WINDOWS\SYSTEM32\CRYPTSP.dll
0x00007ffdce2c0000 - 0x00007ffdce2f3000 	C:\WINDOWS\system32\rsaenh.dll
0x00007ffdcedf0000 - 0x00007ffdcee18000 	C:\WINDOWS\SYSTEM32\USERENV.dll
0x00007ffdce910000 - 0x00007ffdce91b000 	C:\WINDOWS\SYSTEM32\CRYPTBASE.dll
0x00007ffdc9080000 - 0x00007ffdc9096000 	C:\WINDOWS\SYSTEM32\dhcpcsvc6.DLL
0x00007ffdc8de0000 - 0x00007ffdc8dfa000 	C:\WINDOWS\SYSTEM32\dhcpcsvc.DLL
0x0000000068da0000 - 0x0000000068f38000 	C:\Users\fullp\Documents\Curse\Minecraft\Install\runtime\jre-x64\1.8.0_51\bin\awt.dll
0x00007ffdd0460000 - 0x00007ffdd0522000 	C:\WINDOWS\System32\OLEAUT32.dll
0x00007ffdcd220000 - 0x00007ffdcd2ab000 	C:\WINDOWS\SYSTEM32\apphelp.dll
0x00007ffdcd3e0000 - 0x00007ffdcd478000 	C:\WINDOWS\system32\uxtheme.dll
0x00007ffdd02e0000 - 0x00007ffdd0453000 	C:\WINDOWS\System32\MSCTF.dll
0x00007ffdcd630000 - 0x00007ffdcd659000 	C:\WINDOWS\system32\dwmapi.dll
0x00007ffdc2f80000 - 0x00007ffdc3016000 	C:\WINDOWS\System32\TextInputFramework.dll
0x00007ffdca320000 - 0x00007ffdca63e000 	C:\WINDOWS\System32\CoreUIComponents.dll
0x00007ffdccf60000 - 0x00007ffdcd03a000 	C:\WINDOWS\System32\CoreMessaging.dll
0x00007ffdcdfb0000 - 0x00007ffdcdfe1000 	C:\WINDOWS\SYSTEM32\ntmarta.dll
0x00007ffdcb050000 - 0x00007ffdcb19d000 	C:\WINDOWS\SYSTEM32\wintypes.dll
0x00007ffdb17b0000 - 0x00007ffdb181b000 	C:\WINDOWS\system32\Oleacc.dll
0x00007ffd785e0000 - 0x00007ffd7949f000 	C:\WINDOWS\System32\DriverStore\FileRepository\igdlh64.inf_amd64_250db833a1cd577e\ig9icd64.dll
0x00007ffdcdc80000 - 0x00007ffdcdd3b000 	C:\WINDOWS\SYSTEM32\dxgi.dll
0x00007ffdcbb90000 - 0x00007ffdcbba3000 	C:\WINDOWS\SYSTEM32\WTSAPI32.dll
0x00007ffdac190000 - 0x00007ffdac238000 	C:\WINDOWS\SYSTEM32\mscms.dll
0x00007ffda8970000 - 0x00007ffda8980000 	C:\WINDOWS\SYSTEM32\ColorAdapterClient.dll
0x00007ffdb2550000 - 0x00007ffdb2593000 	C:\WINDOWS\SYSTEM32\icm32.dll
0x00007ffdc4ce0000 - 0x00007ffdc6a75000 	C:\WINDOWS\System32\DriverStore\FileRepository\igdlh64.inf_amd64_250db833a1cd577e\igc64.dll
0x00007ffdb2500000 - 0x00007ffdb2542000 	C:\Users\fullp\AppData\Local\Temp\jna-97791937\jna4447756760957765223.dll
0x0000000068d60000 - 0x0000000068d91000 	C:\Users\fullp\Documents\Curse\Minecraft\Install\runtime\jre-x64\1.8.0_51\bin\jpeg.dll
0x0000000031980000 - 0x00000000319e4000 	C:\Users\fullp\AppData\Local\Temp\2b9a-9fe9-a9f9-3c73\OpenAL64.dll
0x00007ffdd1fb0000 - 0x00007ffdd2101000 	C:\WINDOWS\System32\ole32.dll
0x00007ffdd2970000 - 0x00007ffdd2a10000 	C:\WINDOWS\System32\clbcatq.dll
0x00007ffdc47c0000 - 0x00007ffdc4836000 	C:\WINDOWS\System32\MMDevApi.dll
0x00007ffdcecd0000 - 0x00007ffdcecf7000 	C:\WINDOWS\System32\DEVOBJ.dll
0x00007ffdcb970000 - 0x00007ffdcbb24000 	C:\WINDOWS\System32\PROPSYS.dll
0x00007ffda0340000 - 0x00007ffda03cf000 	C:\WINDOWS\SYSTEM32\dsound.dll
0x00007ffdb4450000 - 0x00007ffdb457c000 	C:\WINDOWS\SYSTEM32\AUDIOSES.DLL
0x00007ffdca940000 - 0x00007ffdca94a000 	C:\WINDOWS\SYSTEM32\AVRT.dll
0x00007ffdbdbc0000 - 0x00007ffdbdd89000 	C:\WINDOWS\SYSTEM32\dbghelp.dll

VM Arguments:
jvm_args: -Dos.name=Windows 10 -Dos.version=10.0 -XX:HeapDumpPath=MojangTricksIntelDriversForPerformance_javaw.exe_minecraft.exe.heapdump -Djava.library.path=C:\Users\fullp\AppData\Local\Temp\2b9a-9fe9-a9f9-3c73 -Dminecraft.launcher.brand=minecraft-launcher -Dminecraft.launcher.version=2.1.1462 -Dminecraft.client.jar=C:\Users\fullp\Documents\Curse\Minecraft\Install\versions\1.12.2\1.12.2.jar -Xmx3072m -Xms256m -XX:PermSize=256m -Dminecraft.applet.TargetDirectory=C:\Users\fullp\Documents\Curse\Minecraft\Instances\WaySouls -Dfml.ignorePatchDiscrepancies=true -Dfml.ignoreInvalidMinecraftCertificates=true -Duser.language=en -Duser.country=US -Dlog4j.configurationFile=C:/Users\fullp\Documents\Curse\Minecraft\Install\assets\log_configs\client-1.12.xml 
java_command: net.minecraft.launchwrapper.Launch --username Alnarra --version forge-14.23.5.2776 --gameDir C:\Users\fullp\Documents\Curse\Minecraft\Instances\WaySouls\ --assetsDir C:/Users\fullp\Documents\Curse\Minecraft\Install/assets --assetIndex 1.12 --uuid 604f1ae9e48c49bfb2a3cff862aaa750 --accessToken 96df7624efdc49b5a4b3e5323857c4a2 --userType mojang --tweakClass net.minecraftforge.fml.common.launcher.FMLTweaker --versionType Forge --width 1024 --height 768
java_class_path (initial): C:\Users\fullp\Documents\Curse\Minecraft\Install\libraries\net\minecraftforge\forge\1.12.2-14.23.5.2776\forge-1.12.2-14.23.5.2776.jar;C:\Users\fullp\Documents\Curse\Minecraft\Install\libraries\net\minecraft\launchwrapper\1.12\launchwrapper-1.12.jar;C:\Users\fullp\Documents\Curse\Minecraft\Install\libraries\org\ow2\asm\asm-all\5.2\asm-all-5.2.jar;C:\Users\fullp\Documents\Curse\Minecraft\Install\libraries\org\jline\jline\3.5.1\jline-3.5.1.jar;C:\Users\fullp\Documents\Curse\Minecraft\Install\libraries\net\java\dev\jna\jna\4.4.0\jna-4.4.0.jar;C:\Users\fullp\Documents\Curse\Minecraft\Install\libraries\com\typesafe\akka\akka-actor_2.11\2.3.3\akka-actor_2.11-2.3.3.jar;C:\Users\fullp\Documents\Curse\Minecraft\Install\libraries\com\typesafe\config\1.2.1\config-1.2.1.jar;C:\Users\fullp\Documents\Curse\Minecraft\Install\libraries\org\scala-lang\scala-actors-migration_2.11\1.1.0\scala-actors-migration_2.11-1.1.0.jar;C:\Users\fullp\Documents\Curse\Minecraft\Install\libraries\org\scala-lang\scala-compiler\2.11.1\scala-compiler-2.11.1.jar;C:\Users\fullp\Documents\Curse\Minecraft\Install\libraries\org\scala-lang\plugins\scala-continuations-library_2.11\1.0.2\scala-continuations-library_2.11-1.0.2.jar;C:\Users\fullp\Documents\Curse\Minecraft\Install\libraries\org\scala-lang\plugins\scala-continuations-plugin_2.11.1\1.0.2\scala-continuations-plugin_2.11.1-1.0.2.jar;C:\Users\fullp\Documents\Curse\Minecraft\Install\libraries\org\scala-lang\scala-library\2.11.1\scala-library-2.11.1.jar;C:\Users\fullp\Documents\Curse\Minecraft\Install\libraries\org\scala-lang\scala-parser-combinators_2.11\1.0.1\scala-parser-combinators_2.11-1.0.1.jar;C:\Users\fullp\Documents\Curse\Minecraft\Install\libraries\org\scala-lang\scala-reflect\2.11.1\scala-reflect-2.11.1.jar;C:\Users\fullp\Documents\Curse\Minecraft\Install\libraries\org\scala-lang\scala-swing_2.11\1.0.1\scala-swing_2.11-1.0.1.jar;C:\Users\fullp\Documents\Curse\Minecraft\Install\libraries\org\scala-lang\scala-xml_2.1
Launcher Type: SUN_STANDARD

Environment Variables:
PATH=C:\Program Files (x86)\Common Files\Oracle\Java\javapath;C:\Program Files (x86)\Razer Chroma SDK\bin;C:\Program Files\Razer Chroma SDK\bin;C:\Program Files (x86)\Intel\iCLS Client\;C:\Program Files\Intel\iCLS Client\;C:\Windows\system32;C:\Windows;C:\Windows\System32\Wbem;C:\Windows\System32\WindowsPowerShell\v1.0\;C:\Program Files (x86)\Intel\Intel(R) Management Engine Components\DAL;C:\Program Files\Intel\Intel(R) Management Engine Components\DAL;C:\Program Files (x86)\Intel\Intel(R) Management Engine Components\IPT;C:\Program Files\Intel\Intel(R) Management Engine Components\IPT;C:\Users\Administrator\AppData\Local\Microsoft\WindowsApps;C:\Program Files\PuTTY\;C:\WINDOWS\system32;C:\WINDOWS;C:\WINDOWS\System32\Wbem;C:\WINDOWS\System32\WindowsPowerShell\v1.0\;C:\WINDOWS\System32\OpenSSH\;C:\Users\fullp\AppData\Local\Microsoft\WindowsApps;C:\Users\fullp\AppData\Local\GitHubDesktop\bin;C:\Users\fullp\AppData\Local\atom\bin;C:\Users\fullp\AppData\Local\Microsoft\WindowsApps;C:\Program Files (x86)\Nmap
USERNAME=fullp
OS=Windows_NT
PROCESSOR_IDENTIFIER=Intel64 Family 6 Model 142 Stepping 10, GenuineIntel



---------------  S Y S T E M  ---------------

OS: Windows 10.0 , 64 bit Build 17134 (10.0.17134.1)

CPU:total 8 (4 cores per cpu, 2 threads per core) family 6 model 142 stepping 10, cmov, cx8, fxsr, mmx, sse, sse2, sse3, ssse3, sse4.1, sse4.2, popcnt, avx, avx2, aes, clmul, erms, 3dnowpref, lzcnt, ht, tsc, tscinvbit, bmi1, bmi2, adx

Memory: 4k page, physical 16667200k(6490616k free), swap 19157568k(5496040k free)

vm_info: Java HotSpot(TM) 64-Bit Server VM (25.51-b03) for windows-amd64 JRE (1.8.0_51-b16), built on Jun  8 2015 18:03:07 by "java_re" with MS VC++ 10.0 (VS2010)

time: Wed Dec 05 19:31:04 2018
elapsed time: 61 seconds (0d 0h 1m 1s)

